<?xml version="1.0" encoding="UTF-8"?>
<!-- Generated by org.testng.reporters.JUnitXMLReporter -->
<testsuite ignored="0" hostname="Avinash" failures="1" tests="2" name="Test" time="67.509" errors="0" timestamp="2026-07-15T22:39:17 IST">
  <testcase classname="com.webshop.testLayer.RegisterFunctionality" name="verifyRegisterFunctionality" time="8.937"/>
  <testcase classname="com.webshop.testLayer.LoginFunctionality" name="verifyLoginFunctionality" time="6.511">
    <failure type="java.lang.AssertionError" message="expected [AkshayKumar11@gmail.com] but found [My account]">
      <![CDATA[java.lang.AssertionError: expected [AkshayKumar11@gmail.com] but found [My account]
at com.webshop.testLayer.LoginFunctionality.verifyLoginFunctionality(LoginFunctionality.java:30)
at java.base/java.util.ArrayList.forEach(ArrayList.java:1511)
... Removed 33 stack frames]]>
    </failure>
  </testcase> <!-- verifyLoginFunctionality -->
</testsuite> <!-- Test -->
